<?xml version="1.0" encoding="UTF-8"?>
<!-- Generated by org.testng.reporters.JUnitReportReporter -->
<testsuite hostname="LAPTOP-6280ANUC" failures="0" tests="8" name="com.example.day_9.day9_1" time="0.087" errors="0" timestamp="5 Jun 2023 05:11:02 GMT">
  <testcase classname="com.example.day_9.day9_1" name="multiplymethod" time="0.036"/>
  <testcase classname="com.example.day_9.day9_1" name="divmethod" time="0.005"/>
  <testcase classname="com.example.day_9.day9_1" name="submethod" time="0.002"/>
  <testcase classname="com.example.day_9.day9_1" name="submethod" time="0.005"/>
  <testcase classname="com.example.day_9.day9_1" name="multiplymethod" time="0.007"/>
  <testcase classname="com.example.day_9.day9_1" name="divmethod" time="0.001"/>
  <testcase classname="com.example.day_9.day9_1" name="addmethod" time="0.030"/>
  <testcase classname="com.example.day_9.day9_1" name="addmethod" time="0.001"/>
</testsuite> <!-- com.example.day_9.day9_1 -->
