<?xml version="1.0" encoding="UTF-8"?>
<!-- Generated by org.testng.reporters.JUnitReportReporter -->
<testsuite hostname="LAPTOP-6280ANUC" failures="0" tests="1" name="com.example.day_6.day7_1" time="25.829" errors="0" timestamp="10 Jun 2023 15:57:35 GMT">
  <testcase classname="com.example.day_6.day7_1" name="checkTitle" time="25.829"/>
</testsuite> <!-- com.example.day_6.day7_1 -->
