<?xml version="1.0" encoding="UTF-8"?>
<!-- Generated by org.testng.reporters.JUnitReportReporter -->
<testsuite hostname="LAPTOP-6280ANUC" failures="0" tests="1" name="com.example.day_6.NewTest" time="0.045" errors="0" timestamp="10 Jun 2023 15:55:44 GMT">
  <testcase classname="com.example.day_6.NewTest" name="f" time="0.045"/>
</testsuite> <!-- com.example.day_6.NewTest -->
