<?xml version="1.0" encoding="UTF-8"?>
<!-- Generated by org.testng.reporters.JUnitReportReporter -->
<testsuite hostname="LAPTOP-6280ANUC" failures="0" tests="1" name="com.example.day_6.day7_3" time="34.311" errors="0" timestamp="3 Jun 2023 09:48:22 GMT">
  <testcase classname="com.example.day_6.day7_3" name="main" time="34.311"/>
</testsuite> <!-- com.example.day_6.day7_3 -->
