<?xml version="1.0" encoding="UTF-8"?>
<!-- Generated by org.testng.reporters.JUnitReportReporter -->
<testsuite hostname="LAPTOP-6280ANUC" failures="0" tests="2" name="com.example.day_6.day7_4" time="181.006" errors="0" timestamp="3 Jun 2023 09:51:45 GMT">
  <testcase classname="com.example.day_6.day7_4" name="main" time="37.760"/>
  <testcase classname="com.example.day_6.day7_4" name="main2" time="143.246"/>
</testsuite> <!-- com.example.day_6.day7_4 -->
