<?xml version="1.0" encoding="UTF-8"?>
<!-- Generated by org.testng.reporters.JUnitReportReporter -->
<testsuite hostname="LAPTOP-6280ANUC" failures="0" tests="4" name="com.example.day_6.day7_2" time="0.027" errors="0" timestamp="3 Jun 2023 09:47:31 GMT">
  <testcase classname="com.example.day_6.day7_2" name="subtract" time="0.002"/>
  <testcase classname="com.example.day_6.day7_2" name="mutiply" time="0.001"/>
  <testcase classname="com.example.day_6.day7_2" name="divide" time="0.002"/>
  <testcase classname="com.example.day_6.day7_2" name="add" time="0.022"/>
</testsuite> <!-- com.example.day_6.day7_2 -->
