<?xml version="1.0" encoding="UTF-8"?>
<!-- Generated by org.testng.reporters.JUnitReportReporter -->
<testsuite hostname="LAPTOP-6280ANUC" failures="0" tests="4" name="com.example.day_6.Calculator" time="0.035" errors="0" timestamp="2 Jun 2023 06:20:31 GMT">
  <testcase classname="com.example.day_6.Calculator" name="subtract" time="0.004"/>
  <testcase classname="com.example.day_6.Calculator" name="mutiply" time="0.005"/>
  <testcase classname="com.example.day_6.Calculator" name="divide" time="0.009"/>
  <testcase classname="com.example.day_6.Calculator" name="add" time="0.017"/>
</testsuite> <!-- com.example.day_6.Calculator -->
